{
  "numFailedTestSuites": 0,
  "numFailedTests": 0,
  "numPassedTestSuites": 4,
  "numPassedTests": 41,
  "numPendingTestSuites": 0,
  "numPendingTests": 0,
  "numRuntimeErrorTestSuites": 0,
  "numTodoTests": 0,
  "numTotalTestSuites": 4,
  "numTotalTests": 41,
  "openHandles": [],
  "snapshot": {
    "added": 0,
    "didUpdate": false,
    "failure": false,
    "filesAdded": 0,
    "filesRemoved": 0,
    "filesRemovedList": [],
    "filesUnmatched": 0,
    "filesUpdated": 0,
    "matched": 0,
    "total": 0,
    "unchecked": 0,
    "uncheckedKeysByFile": [],
    "unmatched": 0,
    "updated": 0
  },
  "startTime": 1701612799941,
  "success": false,
  "testResults": [
    {
      "leaks": false,
      "numFailingTests": 0,
      "numPassingTests": 6,
      "numPendingTests": 0,
      "numTodoTests": 0,
      "openHandles": [],
      "perfStats": {
        "end": 1701612802288,
        "runtime": 2205,
        "slow": false,
        "start": 1701612800083
      },
      "skipped": false,
      "snapshot": {
        "added": 0,
        "fileDeleted": false,
        "matched": 0,
        "unchecked": 0,
        "uncheckedKeys": [],
        "unmatched": 0,
        "updated": 0
      },
      "testFilePath": "C:\\Users\\Administrator\\Downloads\\full_stack_scrum\\__test__\\token.test.js",
      "testResults": [
        {
          "ancestorTitles": [
            "Testing DB connection: /login"
          ],
          "duration": 465,
          "failureDetails": [],
          "failureMessages": [],
          "fullName": "Testing DB connection: /login Get response data |Number 1|--|Email: aa@aa.aa|--|Password: 1234|--|Desired Output: Login OK with teacher!!|",
          "invocations": 1,
          "location": null,
          "numPassingAsserts": 0,
          "retryReasons": [],
          "status": "passed",
          "title": "Get response data |Number 1|--|Email: aa@aa.aa|--|Password: 1234|--|Desired Output: Login OK with teacher!!|"
        },
        {
          "ancestorTitles": [
            "Testing DB connection: /login"
          ],
          "duration": 10,
          "failureDetails": [],
          "failureMessages": [],
          "fullName": "Testing DB connection: /login Test token return if success is verified--Data |Email: aa@aa.aa| |Password: 1234|",
          "invocations": 1,
          "location": null,
          "numPassingAsserts": 5,
          "retryReasons": [],
          "status": "passed",
          "title": "Test token return if success is verified--Data |Email: aa@aa.aa| |Password: 1234|"
        },
        {
          "ancestorTitles": [
            "Testing DB connection: /login"
          ],
          "duration": 321,
          "failureDetails": [],
          "failureMessages": [],
          "fullName": "Testing DB connection: /login Get response data |Number 2|--|Email: trung@gmail.com|--|Password: hihi|--|Desired Output: Wrong Credentials!!|",
          "invocations": 1,
          "location": null,
          "numPassingAsserts": 0,
          "retryReasons": [],
          "status": "passed",
          "title": "Get response data |Number 2|--|Email: trung@gmail.com|--|Password: hihi|--|Desired Output: Wrong Credentials!!|"
        },
        {
          "ancestorTitles": [
            "Testing DB connection: /login"
          ],
          "duration": 2,
          "failureDetails": [],
          "failureMessages": [],
          "fullName": "Testing DB connection: /login Test token return if success is verified--Data |Email: trung@gmail.com| |Password: hihi|",
          "invocations": 1,
          "location": null,
          "numPassingAsserts": 1,
          "retryReasons": [],
          "status": "passed",
          "title": "Test token return if success is verified--Data |Email: trung@gmail.com| |Password: hihi|"
        },
        {
          "ancestorTitles": [
            "Testing DB connection: /login"
          ],
          "duration": 321,
          "failureDetails": [],
          "failureMessages": [],
          "fullName": "Testing DB connection: /login Get response data |Number 3|--|Email: trung@gmail.com|--|Password: trung|--|Desired Output: Wrong Credentials!!|",
          "invocations": 1,
          "location": null,
          "numPassingAsserts": 0,
          "retryReasons": [],
          "status": "passed",
          "title": "Get response data |Number 3|--|Email: trung@gmail.com|--|Password: trung|--|Desired Output: Wrong Credentials!!|"
        },
        {
          "ancestorTitles": [
            "Testing DB connection: /login"
          ],
          "duration": 2,
          "failureDetails": [],
          "failureMessages": [],
          "fullName": "Testing DB connection: /login Test token return if success is verified--Data |Email: trung@gmail.com| |Password: trung|",
          "invocations": 1,
          "location": null,
          "numPassingAsserts": 1,
          "retryReasons": [],
          "status": "passed",
          "title": "Test token return if success is verified--Data |Email: trung@gmail.com| |Password: trung|"
        }
      ],
      "failureMessage": null
    },
    {
      "leaks": false,
      "numFailingTests": 0,
      "numPassingTests": 6,
      "numPendingTests": 0,
      "numTodoTests": 0,
      "openHandles": [],
      "perfStats": {
        "end": 1701612809505,
        "runtime": 7153,
        "slow": true,
        "start": 1701612802352
      },
      "skipped": false,
      "snapshot": {
        "added": 0,
        "fileDeleted": false,
        "matched": 0,
        "unchecked": 0,
        "uncheckedKeys": [],
        "unmatched": 0,
        "updated": 0
      },
      "testFilePath": "C:\\Users\\Administrator\\Downloads\\full_stack_scrum\\__test__\\db.test.js",
      "testResults": [
        {
          "ancestorTitles": [
            "Testing DB connection: /login"
          ],
          "duration": 409,
          "failureDetails": [],
          "failureMessages": [],
          "fullName": "Testing DB connection: /login Get response data |Number 1|--|Email: aa@aa.aa|--|Password: 1234|--|Desired Output: Login OK with teacher!!|",
          "invocations": 1,
          "location": null,
          "numPassingAsserts": 0,
          "retryReasons": [],
          "status": "passed",
          "title": "Get response data |Number 1|--|Email: aa@aa.aa|--|Password: 1234|--|Desired Output: Login OK with teacher!!|"
        },
        {
          "ancestorTitles": [
            "Testing DB connection: /login"
          ],
          "duration": 4955,
          "failureDetails": [],
          "failureMessages": [],
          "fullName": "Testing DB connection: /login Test response matched with DB--Data |Email: aa@aa.aa| |Password: 1234|",
          "invocations": 1,
          "location": null,
          "numPassingAsserts": 3,
          "retryReasons": [],
          "status": "passed",
          "title": "Test response matched with DB--Data |Email: aa@aa.aa| |Password: 1234|"
        },
        {
          "ancestorTitles": [
            "Testing DB connection: /login"
          ],
          "duration": 331,
          "failureDetails": [],
          "failureMessages": [],
          "fullName": "Testing DB connection: /login Get response data |Number 2|--|Email: trung@gmail.com|--|Password: hihi|--|Desired Output: Wrong Credentials!!|",
          "invocations": 1,
          "location": null,
          "numPassingAsserts": 0,
          "retryReasons": [],
          "status": "passed",
          "title": "Get response data |Number 2|--|Email: trung@gmail.com|--|Password: hihi|--|Desired Output: Wrong Credentials!!|"
        },
        {
          "ancestorTitles": [
            "Testing DB connection: /login"
          ],
          "duration": 3,
          "failureDetails": [],
          "failureMessages": [],
          "fullName": "Testing DB connection: /login Test response matched with DB--Data |Email: trung@gmail.com| |Password: hihi|",
          "invocations": 1,
          "location": null,
          "numPassingAsserts": 1,
          "retryReasons": [],
          "status": "passed",
          "title": "Test response matched with DB--Data |Email: trung@gmail.com| |Password: hihi|"
        },
        {
          "ancestorTitles": [
            "Testing DB connection: /login"
          ],
          "duration": 324,
          "failureDetails": [],
          "failureMessages": [],
          "fullName": "Testing DB connection: /login Get response data |Number 3|--|Email: trung@gmail.com|--|Password: trung|--|Desired Output: Wrong Credentials!!|",
          "invocations": 1,
          "location": null,
          "numPassingAsserts": 0,
          "retryReasons": [],
          "status": "passed",
          "title": "Get response data |Number 3|--|Email: trung@gmail.com|--|Password: trung|--|Desired Output: Wrong Credentials!!|"
        },
        {
          "ancestorTitles": [
            "Testing DB connection: /login"
          ],
          "duration": 1,
          "failureDetails": [],
          "failureMessages": [],
          "fullName": "Testing DB connection: /login Test response matched with DB--Data |Email: trung@gmail.com| |Password: trung|",
          "invocations": 1,
          "location": null,
          "numPassingAsserts": 1,
          "retryReasons": [],
          "status": "passed",
          "title": "Test response matched with DB--Data |Email: trung@gmail.com| |Password: trung|"
        }
      ],
      "failureMessage": null
    },
    {
      "leaks": false,
      "numFailingTests": 0,
      "numPassingTests": 27,
      "numPendingTests": 0,
      "numTodoTests": 0,
      "openHandles": [],
      "perfStats": {
        "end": 1701612810998,
        "runtime": 1426,
        "slow": false,
        "start": 1701612809572
      },
      "skipped": false,
      "snapshot": {
        "added": 0,
        "fileDeleted": false,
        "matched": 0,
        "unchecked": 0,
        "uncheckedKeys": [],
        "unmatched": 0,
        "updated": 0
      },
      "testFilePath": "C:\\Users\\Administrator\\Downloads\\full_stack_scrum\\__test__\\response.test.js",
      "testResults": [
        {
          "ancestorTitles": [
            "Test response for POST: /login"
          ],
          "duration": 414,
          "failureDetails": [],
          "failureMessages": [],
          "fullName": "Test response for POST: /login Get response data |Number 1|--|Email: aa@aa.aa|--|Password: 1234|--|Desired Output: Login OK with teacher!!|",
          "invocations": 1,
          "location": null,
          "numPassingAsserts": 0,
          "retryReasons": [],
          "status": "passed",
          "title": "Get response data |Number 1|--|Email: aa@aa.aa|--|Password: 1234|--|Desired Output: Login OK with teacher!!|"
        },
        {
          "ancestorTitles": [
            "Test response for POST: /login"
          ],
          "duration": 3,
          "failureDetails": [],
          "failureMessages": [],
          "fullName": "Test response for POST: /login Start test Data |Email: aa@aa.aa| |Password: 1234|",
          "invocations": 1,
          "location": null,
          "numPassingAsserts": 1,
          "retryReasons": [],
          "status": "passed",
          "title": "Start test Data |Email: aa@aa.aa| |Password: 1234|"
        },
        {
          "ancestorTitles": [
            "Test response for POST: /login"
          ],
          "duration": 2,
          "failureDetails": [],
          "failureMessages": [],
          "fullName": "Test response for POST: /login 1: Should test response body available",
          "invocations": 1,
          "location": null,
          "numPassingAsserts": 1,
          "retryReasons": [],
          "status": "passed",
          "title": "1: Should test response body available"
        },
        {
          "ancestorTitles": [
            "Test response for POST: /login"
          ],
          "duration": 3,
          "failureDetails": [],
          "failureMessages": [],
          "fullName": "Test response for POST: /login 2: Should test response status matched",
          "invocations": 1,
          "location": null,
          "numPassingAsserts": 1,
          "retryReasons": [],
          "status": "passed",
          "title": "2: Should test response status matched"
        },
        {
          "ancestorTitles": [
            "Test response for POST: /login"
          ],
          "duration": 1,
          "failureDetails": [],
          "failureMessages": [],
          "fullName": "Test response for POST: /login 3: Should test response body error message available if fail",
          "invocations": 1,
          "location": null,
          "numPassingAsserts": 0,
          "retryReasons": [],
          "status": "passed",
          "title": "3: Should test response body error message available if fail"
        },
        {
          "ancestorTitles": [
            "Test response for POST: /login"
          ],
          "duration": 2,
          "failureDetails": [],
          "failureMessages": [],
          "fullName": "Test response for POST: /login 5: Should test response body error message match if fail",
          "invocations": 1,
          "location": null,
          "numPassingAsserts": 0,
          "retryReasons": [],
          "status": "passed",
          "title": "5: Should test response body error message match if fail"
        },
        {
          "ancestorTitles": [
            "Test response for POST: /login"
          ],
          "duration": 1,
          "failureDetails": [],
          "failureMessages": [],
          "fullName": "Test response for POST: /login 6: Should test whether response data matched if success!",
          "invocations": 1,
          "location": null,
          "numPassingAsserts": 2,
          "retryReasons": [],
          "status": "passed",
          "title": "6: Should test whether response data matched if success!"
        },
        {
          "ancestorTitles": [
            "Test response for POST: /login"
          ],
          "duration": 3,
          "failureDetails": [],
          "failureMessages": [],
          "fullName": "Test response for POST: /login 7: Should test for Allow Header Authorization in response!",
          "invocations": 1,
          "location": null,
          "numPassingAsserts": 1,
          "retryReasons": [],
          "status": "passed",
          "title": "7: Should test for Allow Header Authorization in response!"
        },
        {
          "ancestorTitles": [
            "Test response for POST: /login"
          ],
          "duration": 1,
          "failureDetails": [],
          "failureMessages": [],
          "fullName": "Test response for POST: /login 8: Should test for Bad Request When Request Has Missing Field!",
          "invocations": 1,
          "location": null,
          "numPassingAsserts": 0,
          "retryReasons": [],
          "status": "passed",
          "title": "8: Should test for Bad Request When Request Has Missing Field!"
        },
        {
          "ancestorTitles": [
            "Test response for POST: /login"
          ],
          "duration": 319,
          "failureDetails": [],
          "failureMessages": [],
          "fullName": "Test response for POST: /login Get response data |Number 2|--|Email: trung@gmail.com|--|Password: hihi|--|Desired Output: Wrong Credentials!!|",
          "invocations": 1,
          "location": null,
          "numPassingAsserts": 0,
          "retryReasons": [],
          "status": "passed",
          "title": "Get response data |Number 2|--|Email: trung@gmail.com|--|Password: hihi|--|Desired Output: Wrong Credentials!!|"
        },
        {
          "ancestorTitles": [
            "Test response for POST: /login"
          ],
          "duration": 1,
          "failureDetails": [],
          "failureMessages": [],
          "fullName": "Test response for POST: /login Start test Data |Email: trung@gmail.com| |Password: hihi|",
          "invocations": 1,
          "location": null,
          "numPassingAsserts": 1,
          "retryReasons": [],
          "status": "passed",
          "title": "Start test Data |Email: trung@gmail.com| |Password: hihi|"
        },
        {
          "ancestorTitles": [
            "Test response for POST: /login"
          ],
          "duration": 1,
          "failureDetails": [],
          "failureMessages": [],
          "fullName": "Test response for POST: /login 1: Should test response body available",
          "invocations": 1,
          "location": null,
          "numPassingAsserts": 1,
          "retryReasons": [],
          "status": "passed",
          "title": "1: Should test response body available"
        },
        {
          "ancestorTitles": [
            "Test response for POST: /login"
          ],
          "duration": 2,
          "failureDetails": [],
          "failureMessages": [],
          "fullName": "Test response for POST: /login 2: Should test response status matched",
          "invocations": 1,
          "location": null,
          "numPassingAsserts": 1,
          "retryReasons": [],
          "status": "passed",
          "title": "2: Should test response status matched"
        },
        {
          "ancestorTitles": [
            "Test response for POST: /login"
          ],
          "duration": 2,
          "failureDetails": [],
          "failureMessages": [],
          "fullName": "Test response for POST: /login 3: Should test response body error message available if fail",
          "invocations": 1,
          "location": null,
          "numPassingAsserts": 1,
          "retryReasons": [],
          "status": "passed",
          "title": "3: Should test response body error message available if fail"
        },
        {
          "ancestorTitles": [
            "Test response for POST: /login"
          ],
          "duration": 1,
          "failureDetails": [],
          "failureMessages": [],
          "fullName": "Test response for POST: /login 5: Should test response body error message match if fail",
          "invocations": 1,
          "location": null,
          "numPassingAsserts": 1,
          "retryReasons": [],
          "status": "passed",
          "title": "5: Should test response body error message match if fail"
        },
        {
          "ancestorTitles": [
            "Test response for POST: /login"
          ],
          "duration": 1,
          "failureDetails": [],
          "failureMessages": [],
          "fullName": "Test response for POST: /login 6: Should test whether response data matched if success!",
          "invocations": 1,
          "location": null,
          "numPassingAsserts": 0,
          "retryReasons": [],
          "status": "passed",
          "title": "6: Should test whether response data matched if success!"
        },
        {
          "ancestorTitles": [
            "Test response for POST: /login"
          ],
          "duration": 2,
          "failureDetails": [],
          "failureMessages": [],
          "fullName": "Test response for POST: /login 7: Should test for Allow Header Authorization in response!",
          "invocations": 1,
          "location": null,
          "numPassingAsserts": 1,
          "retryReasons": [],
          "status": "passed",
          "title": "7: Should test for Allow Header Authorization in response!"
        },
        {
          "ancestorTitles": [
            "Test response for POST: /login"
          ],
          "duration": 1,
          "failureDetails": [],
          "failureMessages": [],
          "fullName": "Test response for POST: /login 8: Should test for Bad Request When Request Has Missing Field!",
          "invocations": 1,
          "location": null,
          "numPassingAsserts": 0,
          "retryReasons": [],
          "status": "passed",
          "title": "8: Should test for Bad Request When Request Has Missing Field!"
        },
        {
          "ancestorTitles": [
            "Test response for POST: /login"
          ],
          "duration": 322,
          "failureDetails": [],
          "failureMessages": [],
          "fullName": "Test response for POST: /login Get response data |Number 3|--|Email: trung@gmail.com|--|Password: trung|--|Desired Output: Wrong Credentials!!|",
          "invocations": 1,
          "location": null,
          "numPassingAsserts": 0,
          "retryReasons": [],
          "status": "passed",
          "title": "Get response data |Number 3|--|Email: trung@gmail.com|--|Password: trung|--|Desired Output: Wrong Credentials!!|"
        },
        {
          "ancestorTitles": [
            "Test response for POST: /login"
          ],
          "duration": 1,
          "failureDetails": [],
          "failureMessages": [],
          "fullName": "Test response for POST: /login Start test Data |Email: trung@gmail.com| |Password: trung|",
          "invocations": 1,
          "location": null,
          "numPassingAsserts": 1,
          "retryReasons": [],
          "status": "passed",
          "title": "Start test Data |Email: trung@gmail.com| |Password: trung|"
        },
        {
          "ancestorTitles": [
            "Test response for POST: /login"
          ],
          "duration": 1,
          "failureDetails": [],
          "failureMessages": [],
          "fullName": "Test response for POST: /login 1: Should test response body available",
          "invocations": 1,
          "location": null,
          "numPassingAsserts": 1,
          "retryReasons": [],
          "status": "passed",
          "title": "1: Should test response body available"
        },
        {
          "ancestorTitles": [
            "Test response for POST: /login"
          ],
          "duration": 2,
          "failureDetails": [],
          "failureMessages": [],
          "fullName": "Test response for POST: /login 2: Should test response status matched",
          "invocations": 1,
          "location": null,
          "numPassingAsserts": 1,
          "retryReasons": [],
          "status": "passed",
          "title": "2: Should test response status matched"
        },
        {
          "ancestorTitles": [
            "Test response for POST: /login"
          ],
          "duration": 2,
          "failureDetails": [],
          "failureMessages": [],
          "fullName": "Test response for POST: /login 3: Should test response body error message available if fail",
          "invocations": 1,
          "location": null,
          "numPassingAsserts": 1,
          "retryReasons": [],
          "status": "passed",
          "title": "3: Should test response body error message available if fail"
        },
        {
          "ancestorTitles": [
            "Test response for POST: /login"
          ],
          "duration": 2,
          "failureDetails": [],
          "failureMessages": [],
          "fullName": "Test response for POST: /login 5: Should test response body error message match if fail",
          "invocations": 1,
          "location": null,
          "numPassingAsserts": 1,
          "retryReasons": [],
          "status": "passed",
          "title": "5: Should test response body error message match if fail"
        },
        {
          "ancestorTitles": [
            "Test response for POST: /login"
          ],
          "duration": 1,
          "failureDetails": [],
          "failureMessages": [],
          "fullName": "Test response for POST: /login 6: Should test whether response data matched if success!",
          "invocations": 1,
          "location": null,
          "numPassingAsserts": 0,
          "retryReasons": [],
          "status": "passed",
          "title": "6: Should test whether response data matched if success!"
        },
        {
          "ancestorTitles": [
            "Test response for POST: /login"
          ],
          "duration": 1,
          "failureDetails": [],
          "failureMessages": [],
          "fullName": "Test response for POST: /login 7: Should test for Allow Header Authorization in response!",
          "invocations": 1,
          "location": null,
          "numPassingAsserts": 1,
          "retryReasons": [],
          "status": "passed",
          "title": "7: Should test for Allow Header Authorization in response!"
        },
        {
          "ancestorTitles": [
            "Test response for POST: /login"
          ],
          "duration": 2,
          "failureDetails": [],
          "failureMessages": [],
          "fullName": "Test response for POST: /login 8: Should test for Bad Request When Request Has Missing Field!",
          "invocations": 1,
          "location": null,
          "numPassingAsserts": 0,
          "retryReasons": [],
          "status": "passed",
          "title": "8: Should test for Bad Request When Request Has Missing Field!"
        }
      ],
      "failureMessage": null
    },
    {
      "leaks": false,
      "numFailingTests": 0,
      "numPassingTests": 2,
      "numPendingTests": 0,
      "numTodoTests": 0,
      "openHandles": [],
      "perfStats": {
        "end": 1701612811698,
        "runtime": 619,
        "slow": false,
        "start": 1701612811079
      },
      "skipped": false,
      "snapshot": {
        "added": 0,
        "fileDeleted": false,
        "matched": 0,
        "unchecked": 0,
        "uncheckedKeys": [],
        "unmatched": 0,
        "updated": 0
      },
      "testFilePath": "C:\\Users\\Administrator\\Downloads\\full_stack_scrum\\__test__\\encrypt.test.js",
      "testResults": [
        {
          "ancestorTitles": [
            "Testing password encryption for Login Module!"
          ],
          "duration": 152,
          "failureDetails": [],
          "failureMessages": [],
          "fullName": "Testing password encryption for Login Module! Should test matched pair of encrypted and raw password",
          "invocations": 1,
          "location": null,
          "numPassingAsserts": 1,
          "retryReasons": [],
          "status": "passed",
          "title": "Should test matched pair of encrypted and raw password"
        },
        {
          "ancestorTitles": [
            "Testing password encryption for Login Module!"
          ],
          "duration": 141,
          "failureDetails": [],
          "failureMessages": [],
          "fullName": "Testing password encryption for Login Module! Should test unmatched pair of encrypted and raw password",
          "invocations": 1,
          "location": null,
          "numPassingAsserts": 1,
          "retryReasons": [],
          "status": "passed",
          "title": "Should test unmatched pair of encrypted and raw password"
        }
      ],
      "failureMessage": null
    }
  ],
  "wasInterrupted": false
}