{"D:\\software development advance\\back-end\\server.js": {"path":"D:\\software development advance\\back-end\\server.js","statementMap":{"0":{"start":{"line":1,"column":16},"end":{"line":1,"column":34}},"1":{"start":{"line":2,"column":17},"end":{"line":2,"column":36}},"2":{"start":{"line":3,"column":19},"end":{"line":3,"column":41}},"3":{"start":{"line":4,"column":15},"end":{"line":4,"column":32}},"4":{"start":{"line":5,"column":12},"end":{"line":5,"column":35}},"5":{"start":{"line":6,"column":13},"end":{"line":6,"column":28}},"6":{"start":{"line":8,"column":16},"end":{"line":8,"column":48}},"7":{"start":{"line":9,"column":13},"end":{"line":9,"column":37}},"8":{"start":{"line":10,"column":13},"end":{"line":10,"column":37}},"9":{"start":{"line":12,"column":26},"end":{"line":12,"column":67}},"10":{"start":{"line":13,"column":15},"end":{"line":13,"column":46}},"11":{"start":{"line":15,"column":18},"end":{"line":15,"column":26}},"12":{"start":{"line":17,"column":12},"end":{"line":17,"column":21}},"13":{"start":{"line":18,"column":15},"end":{"line":18,"column":31}},"14":{"start":{"line":20,"column":0},"end":{"line":20,"column":27}},"15":{"start":{"line":22,"column":0},"end":{"line":22,"column":23}},"16":{"start":{"line":24,"column":0},"end":{"line":24,"column":16}},"17":{"start":{"line":28,"column":0},"end":{"line":33,"column":3}},"18":{"start":{"line":29,"column":2},"end":{"line":29,"column":49}},"19":{"start":{"line":30,"column":2},"end":{"line":30,"column":80}},"20":{"start":{"line":31,"column":2},"end":{"line":31,"column":76}},"21":{"start":{"line":32,"column":2},"end":{"line":32,"column":9}},"22":{"start":{"line":34,"column":0},"end":{"line":38,"column":3}},"23":{"start":{"line":35,"column":2},"end":{"line":35,"column":80}},"24":{"start":{"line":36,"column":2},"end":{"line":36,"column":76}},"25":{"start":{"line":37,"column":2},"end":{"line":37,"column":25}},"26":{"start":{"line":40,"column":0},"end":{"line":42,"column":2}},"27":{"start":{"line":41,"column":4},"end":{"line":41,"column":30}},"28":{"start":{"line":44,"column":0},"end":{"line":46,"column":2}},"29":{"start":{"line":45,"column":4},"end":{"line":45,"column":28}},"30":{"start":{"line":48,"column":0},"end":{"line":69,"column":5}},"31":{"start":{"line":49,"column":48},"end":{"line":49,"column":56}},"32":{"start":{"line":52,"column":25},"end":{"line":52,"column":54}},"33":{"start":{"line":54,"column":4},"end":{"line":56,"column":5}},"34":{"start":{"line":55,"column":6},"end":{"line":55,"column":74}},"35":{"start":{"line":58,"column":23},"end":{"line":58,"column":25}},"36":{"start":{"line":59,"column":27},"end":{"line":59,"column":66}},"37":{"start":{"line":61,"column":17},"end":{"line":61,"column":77}},"38":{"start":{"line":63,"column":4},"end":{"line":68,"column":5}},"39":{"start":{"line":64,"column":6},"end":{"line":64,"column":24}},"40":{"start":{"line":65,"column":6},"end":{"line":65,"column":77}},"41":{"start":{"line":67,"column":6},"end":{"line":67,"column":63}},"42":{"start":{"line":72,"column":0},"end":{"line":91,"column":5}},"43":{"start":{"line":73,"column":32},"end":{"line":73,"column":40}},"44":{"start":{"line":74,"column":19},"end":{"line":74,"column":85}},"45":{"start":{"line":76,"column":17},"end":{"line":76,"column":46}},"46":{"start":{"line":78,"column":4},"end":{"line":80,"column":5}},"47":{"start":{"line":79,"column":6},"end":{"line":79,"column":68}},"48":{"start":{"line":82,"column":28},"end":{"line":82,"column":73}},"49":{"start":{"line":84,"column":4},"end":{"line":86,"column":5}},"50":{"start":{"line":85,"column":6},"end":{"line":85,"column":70}},"51":{"start":{"line":88,"column":18},"end":{"line":88,"column":58}},"52":{"start":{"line":90,"column":4},"end":{"line":90,"column":29}},"53":{"start":{"line":96,"column":0},"end":{"line":105,"column":5}},"54":{"start":{"line":97,"column":4},"end":{"line":104,"column":5}},"55":{"start":{"line":99,"column":20},"end":{"line":99,"column":64}},"56":{"start":{"line":101,"column":6},"end":{"line":101,"column":22}},"57":{"start":{"line":103,"column":6},"end":{"line":103,"column":64}},"58":{"start":{"line":108,"column":0},"end":{"line":112,"column":5}},"59":{"start":{"line":109,"column":25},"end":{"line":109,"column":33}},"60":{"start":{"line":110,"column":4},"end":{"line":110,"column":25}},"61":{"start":{"line":111,"column":4},"end":{"line":111,"column":27}},"62":{"start":{"line":115,"column":0},"end":{"line":117,"column":2}},"63":{"start":{"line":116,"column":4},"end":{"line":116,"column":21}},"64":{"start":{"line":119,"column":0},"end":{"line":132,"column":5}},"65":{"start":{"line":120,"column":25},"end":{"line":120,"column":33}},"66":{"start":{"line":121,"column":22},"end":{"line":121,"column":30}},"67":{"start":{"line":123,"column":4},"end":{"line":131,"column":5}},"68":{"start":{"line":124,"column":26},"end":{"line":124,"column":91}},"69":{"start":{"line":125,"column":6},"end":{"line":127,"column":7}},"70":{"start":{"line":126,"column":8},"end":{"line":126,"column":65}},"71":{"start":{"line":128,"column":6},"end":{"line":128,"column":28}},"72":{"start":{"line":130,"column":6},"end":{"line":130,"column":64}},"73":{"start":{"line":134,"column":0},"end":{"line":146,"column":5}},"74":{"start":{"line":135,"column":4},"end":{"line":145,"column":5}},"75":{"start":{"line":136,"column":38},"end":{"line":136,"column":46}},"76":{"start":{"line":139,"column":19},"end":{"line":139,"column":52}},"77":{"start":{"line":140,"column":6},"end":{"line":140,"column":23}},"78":{"start":{"line":141,"column":6},"end":{"line":141,"column":24}},"79":{"start":{"line":142,"column":6},"end":{"line":142,"column":74}},"80":{"start":{"line":144,"column":6},"end":{"line":144,"column":63}},"81":{"start":{"line":147,"column":0},"end":{"line":155,"column":2}},"82":{"start":{"line":148,"column":2},"end":{"line":154,"column":3}},"83":{"start":{"line":149,"column":18},"end":{"line":149,"column":35}},"84":{"start":{"line":150,"column":4},"end":{"line":150,"column":31}},"85":{"start":{"line":153,"column":4},"end":{"line":153,"column":55}},"86":{"start":{"line":156,"column":0},"end":{"line":176,"column":3}},"87":{"start":{"line":157,"column":17},"end":{"line":157,"column":30}},"88":{"start":{"line":160,"column":2},"end":{"line":162,"column":3}},"89":{"start":{"line":161,"column":4},"end":{"line":161,"column":64}},"90":{"start":{"line":164,"column":2},"end":{"line":175,"column":3}},"91":{"start":{"line":165,"column":17},"end":{"line":165,"column":44}},"92":{"start":{"line":167,"column":4},"end":{"line":169,"column":5}},"93":{"start":{"line":168,"column":6},"end":{"line":168,"column":65}},"94":{"start":{"line":171,"column":4},"end":{"line":171,"column":23}},"95":{"start":{"line":173,"column":4},"end":{"line":173,"column":23}},"96":{"start":{"line":174,"column":4},"end":{"line":174,"column":63}},"97":{"start":{"line":180,"column":0},"end":{"line":225,"column":3}},"98":{"start":{"line":181,"column":17},"end":{"line":181,"column":30}},"99":{"start":{"line":183,"column":2},"end":{"line":224,"column":3}},"100":{"start":{"line":185,"column":15},"end":{"line":185,"column":42}},"101":{"start":{"line":187,"column":4},"end":{"line":190,"column":5}},"102":{"start":{"line":189,"column":6},"end":{"line":189,"column":65}},"103":{"start":{"line":193,"column":4},"end":{"line":195,"column":5}},"104":{"start":{"line":194,"column":6},"end":{"line":194,"column":40}},"105":{"start":{"line":197,"column":4},"end":{"line":215,"column":5}},"106":{"start":{"line":199,"column":6},"end":{"line":214,"column":7}},"107":{"start":{"line":200,"column":33},"end":{"line":200,"column":87}},"108":{"start":{"line":200,"column":58},"end":{"line":200,"column":86}},"109":{"start":{"line":202,"column":8},"end":{"line":213,"column":9}},"110":{"start":{"line":204,"column":10},"end":{"line":204,"column":77}},"111":{"start":{"line":207,"column":10},"end":{"line":209,"column":11}},"112":{"start":{"line":208,"column":12},"end":{"line":208,"column":63}},"113":{"start":{"line":212,"column":10},"end":{"line":212,"column":47}},"114":{"start":{"line":218,"column":4},"end":{"line":218,"column":29}},"115":{"start":{"line":220,"column":4},"end":{"line":220,"column":61}},"116":{"start":{"line":222,"column":4},"end":{"line":222,"column":23}},"117":{"start":{"line":223,"column":4},"end":{"line":223,"column":63}},"118":{"start":{"line":227,"column":0},"end":{"line":257,"column":3}},"119":{"start":{"line":228,"column":17},"end":{"line":228,"column":30}},"120":{"start":{"line":229,"column":21},"end":{"line":229,"column":42}},"121":{"start":{"line":231,"column":2},"end":{"line":256,"column":3}},"122":{"start":{"line":232,"column":17},"end":{"line":232,"column":44}},"123":{"start":{"line":234,"column":6},"end":{"line":236,"column":7}},"124":{"start":{"line":235,"column":10},"end":{"line":235,"column":69}},"125":{"start":{"line":238,"column":28},"end":{"line":238,"column":78}},"126":{"start":{"line":238,"column":58},"end":{"line":238,"column":77}},"127":{"start":{"line":240,"column":6},"end":{"line":242,"column":7}},"128":{"start":{"line":241,"column":10},"end":{"line":241,"column":73}},"129":{"start":{"line":244,"column":30},"end":{"line":244,"column":38}},"130":{"start":{"line":247,"column":6},"end":{"line":247,"column":54}},"131":{"start":{"line":250,"column":6},"end":{"line":250,"column":31}},"132":{"start":{"line":252,"column":6},"end":{"line":252,"column":67}},"133":{"start":{"line":254,"column":6},"end":{"line":254,"column":25}},"134":{"start":{"line":255,"column":6},"end":{"line":255,"column":65}},"135":{"start":{"line":259,"column":0},"end":{"line":278,"column":3}},"136":{"start":{"line":260,"column":17},"end":{"line":260,"column":30}},"137":{"start":{"line":262,"column":2},"end":{"line":277,"column":3}},"138":{"start":{"line":264,"column":24},"end":{"line":264,"column":60}},"139":{"start":{"line":266,"column":4},"end":{"line":269,"column":5}},"140":{"start":{"line":268,"column":6},"end":{"line":268,"column":65}},"141":{"start":{"line":272,"column":4},"end":{"line":272,"column":68}},"142":{"start":{"line":275,"column":4},"end":{"line":275,"column":25}},"143":{"start":{"line":276,"column":4},"end":{"line":276,"column":61}},"144":{"start":{"line":280,"column":0},"end":{"line":312,"column":3}},"145":{"start":{"line":281,"column":17},"end":{"line":281,"column":30}},"146":{"start":{"line":282,"column":29},"end":{"line":282,"column":50}},"147":{"start":{"line":284,"column":2},"end":{"line":311,"column":3}},"148":{"start":{"line":286,"column":15},"end":{"line":286,"column":42}},"149":{"start":{"line":288,"column":4},"end":{"line":291,"column":5}},"150":{"start":{"line":290,"column":6},"end":{"line":290,"column":65}},"151":{"start":{"line":294,"column":26},"end":{"line":294,"column":86}},"152":{"start":{"line":294,"column":58},"end":{"line":294,"column":85}},"153":{"start":{"line":296,"column":4},"end":{"line":299,"column":5}},"154":{"start":{"line":298,"column":6},"end":{"line":298,"column":69}},"155":{"start":{"line":302,"column":4},"end":{"line":302,"column":44}},"156":{"start":{"line":305,"column":4},"end":{"line":305,"column":29}},"157":{"start":{"line":307,"column":4},"end":{"line":307,"column":65}},"158":{"start":{"line":309,"column":4},"end":{"line":309,"column":23}},"159":{"start":{"line":310,"column":4},"end":{"line":310,"column":63}},"160":{"start":{"line":314,"column":0},"end":{"line":324,"column":2}},"161":{"start":{"line":315,"column":2},"end":{"line":323,"column":1}},"162":{"start":{"line":316,"column":15},"end":{"line":316,"column":51}},"163":{"start":{"line":317,"column":15},"end":{"line":317,"column":51}},"164":{"start":{"line":318,"column":16},"end":{"line":318,"column":30}},"165":{"start":{"line":319,"column":19},"end":{"line":319,"column":75}},"166":{"start":{"line":320,"column":4},"end":{"line":320,"column":21}},"167":{"start":{"line":322,"column":4},"end":{"line":322,"column":42}},"168":{"start":{"line":326,"column":0},"end":{"line":336,"column":2}},"169":{"start":{"line":327,"column":16},"end":{"line":327,"column":58}},"170":{"start":{"line":328,"column":12},"end":{"line":328,"column":14}},"171":{"start":{"line":329,"column":2},"end":{"line":333,"column":3}},"172":{"start":{"line":329,"column":13},"end":{"line":329,"column":14}},"173":{"start":{"line":330,"column":21},"end":{"line":330,"column":59}},"174":{"start":{"line":331,"column":8},"end":{"line":331,"column":26}},"175":{"start":{"line":332,"column":8},"end":{"line":332,"column":120}},"176":{"start":{"line":334,"column":2},"end":{"line":334,"column":17}},"177":{"start":{"line":335,"column":2},"end":{"line":335,"column":13}},"178":{"start":{"line":338,"column":0},"end":{"line":346,"column":2}},"179":{"start":{"line":339,"column":4},"end":{"line":345,"column":5}},"180":{"start":{"line":340,"column":24},"end":{"line":340,"column":54}},"181":{"start":{"line":341,"column":8},"end":{"line":341,"column":37}},"182":{"start":{"line":343,"column":8},"end":{"line":343,"column":34}},"183":{"start":{"line":344,"column":8},"end":{"line":344,"column":53}},"184":{"start":{"line":347,"column":0},"end":{"line":355,"column":2}},"185":{"start":{"line":348,"column":4},"end":{"line":354,"column":5}},"186":{"start":{"line":349,"column":24},"end":{"line":349,"column":46}},"187":{"start":{"line":350,"column":8},"end":{"line":350,"column":37}},"188":{"start":{"line":352,"column":8},"end":{"line":352,"column":34}},"189":{"start":{"line":353,"column":8},"end":{"line":353,"column":53}},"190":{"start":{"line":357,"column":0},"end":{"line":370,"column":2}},"191":{"start":{"line":358,"column":4},"end":{"line":369,"column":5}},"192":{"start":{"line":359,"column":21},"end":{"line":359,"column":31}},"193":{"start":{"line":360,"column":24},"end":{"line":360,"column":50}},"194":{"start":{"line":361,"column":8},"end":{"line":364,"column":9}},"195":{"start":{"line":363,"column":12},"end":{"line":363,"column":91}},"196":{"start":{"line":365,"column":8},"end":{"line":365,"column":37}},"197":{"start":{"line":367,"column":8},"end":{"line":367,"column":34}},"198":{"start":{"line":368,"column":8},"end":{"line":368,"column":53}},"199":{"start":{"line":371,"column":0},"end":{"line":385,"column":2}},"200":{"start":{"line":372,"column":4},"end":{"line":384,"column":5}},"201":{"start":{"line":373,"column":21},"end":{"line":373,"column":31}},"202":{"start":{"line":374,"column":24},"end":{"line":374,"column":69}},"203":{"start":{"line":375,"column":8},"end":{"line":378,"column":9}},"204":{"start":{"line":377,"column":12},"end":{"line":377,"column":92}},"205":{"start":{"line":379,"column":30},"end":{"line":379,"column":56}},"206":{"start":{"line":380,"column":8},"end":{"line":380,"column":43}},"207":{"start":{"line":382,"column":8},"end":{"line":382,"column":34}},"208":{"start":{"line":383,"column":8},"end":{"line":383,"column":53}},"209":{"start":{"line":386,"column":0},"end":{"line":399,"column":2}},"210":{"start":{"line":387,"column":4},"end":{"line":398,"column":5}},"211":{"start":{"line":388,"column":21},"end":{"line":388,"column":31}},"212":{"start":{"line":389,"column":24},"end":{"line":389,"column":59}},"213":{"start":{"line":390,"column":8},"end":{"line":393,"column":9}},"214":{"start":{"line":392,"column":12},"end":{"line":392,"column":92}},"215":{"start":{"line":394,"column":8},"end":{"line":394,"column":37}},"216":{"start":{"line":396,"column":8},"end":{"line":396,"column":34}},"217":{"start":{"line":397,"column":8},"end":{"line":397,"column":53}},"218":{"start":{"line":400,"column":0},"end":{"line":402,"column":2}},"219":{"start":{"line":401,"column":4},"end":{"line":401,"column":55}},"220":{"start":{"line":406,"column":0},"end":{"line":411,"column":2}},"221":{"start":{"line":408,"column":4},"end":{"line":408,"column":39}},"222":{"start":{"line":410,"column":4},"end":{"line":410,"column":22}},"223":{"start":{"line":414,"column":0},"end":{"line":414,"column":21}}},"fnMap":{"0":{"name":"(anonymous_0)","decl":{"start":{"line":28,"column":8},"end":{"line":28,"column":9}},"loc":{"start":{"line":28,"column":28},"end":{"line":33,"column":1}},"line":28},"1":{"name":"(anonymous_1)","decl":{"start":{"line":34,"column":17},"end":{"line":34,"column":18}},"loc":{"start":{"line":34,"column":31},"end":{"line":38,"column":1}},"line":34},"2":{"name":"(anonymous_2)","decl":{"start":{"line":40,"column":12},"end":{"line":40,"column":13}},"loc":{"start":{"line":40,"column":26},"end":{"line":42,"column":1}},"line":40},"3":{"name":"(anonymous_3)","decl":{"start":{"line":44,"column":16},"end":{"line":44,"column":17}},"loc":{"start":{"line":44,"column":27},"end":{"line":46,"column":1}},"line":44},"4":{"name":"(anonymous_4)","decl":{"start":{"line":48,"column":22},"end":{"line":48,"column":23}},"loc":{"start":{"line":48,"column":42},"end":{"line":69,"column":3}},"line":48},"5":{"name":"(anonymous_5)","decl":{"start":{"line":72,"column":19},"end":{"line":72,"column":20}},"loc":{"start":{"line":72,"column":39},"end":{"line":91,"column":3}},"line":72},"6":{"name":"(anonymous_6)","decl":{"start":{"line":96,"column":36},"end":{"line":96,"column":37}},"loc":{"start":{"line":96,"column":56},"end":{"line":105,"column":3}},"line":96},"7":{"name":"(anonymous_7)","decl":{"start":{"line":108,"column":39},"end":{"line":108,"column":40}},"loc":{"start":{"line":108,"column":53},"end":{"line":112,"column":3}},"line":108},"8":{"name":"(anonymous_8)","decl":{"start":{"line":115,"column":35},"end":{"line":115,"column":36}},"loc":{"start":{"line":115,"column":46},"end":{"line":117,"column":1}},"line":115},"9":{"name":"(anonymous_9)","decl":{"start":{"line":119,"column":39},"end":{"line":119,"column":40}},"loc":{"start":{"line":119,"column":59},"end":{"line":132,"column":3}},"line":119},"10":{"name":"(anonymous_10)","decl":{"start":{"line":134,"column":19},"end":{"line":134,"column":20}},"loc":{"start":{"line":134,"column":39},"end":{"line":146,"column":3}},"line":134},"11":{"name":"(anonymous_11)","decl":{"start":{"line":147,"column":18},"end":{"line":147,"column":19}},"loc":{"start":{"line":147,"column":34},"end":{"line":155,"column":1}},"line":147},"12":{"name":"(anonymous_12)","decl":{"start":{"line":156,"column":22},"end":{"line":156,"column":23}},"loc":{"start":{"line":156,"column":42},"end":{"line":176,"column":1}},"line":156},"13":{"name":"(anonymous_13)","decl":{"start":{"line":180,"column":22},"end":{"line":180,"column":23}},"loc":{"start":{"line":180,"column":42},"end":{"line":225,"column":1}},"line":180},"14":{"name":"(anonymous_14)","decl":{"start":{"line":200,"column":53},"end":{"line":200,"column":54}},"loc":{"start":{"line":200,"column":58},"end":{"line":200,"column":86}},"line":200},"15":{"name":"(anonymous_15)","decl":{"start":{"line":227,"column":44},"end":{"line":227,"column":45}},"loc":{"start":{"line":227,"column":64},"end":{"line":257,"column":1}},"line":227},"16":{"name":"(anonymous_16)","decl":{"start":{"line":238,"column":53},"end":{"line":238,"column":54}},"loc":{"start":{"line":238,"column":58},"end":{"line":238,"column":77}},"line":238},"17":{"name":"(anonymous_17)","decl":{"start":{"line":259,"column":25},"end":{"line":259,"column":26}},"loc":{"start":{"line":259,"column":45},"end":{"line":278,"column":1}},"line":259},"18":{"name":"(anonymous_18)","decl":{"start":{"line":280,"column":47},"end":{"line":280,"column":48}},"loc":{"start":{"line":280,"column":67},"end":{"line":312,"column":1}},"line":280},"19":{"name":"(anonymous_19)","decl":{"start":{"line":294,"column":51},"end":{"line":294,"column":52}},"loc":{"start":{"line":294,"column":58},"end":{"line":294,"column":85}},"line":294},"20":{"name":"(anonymous_20)","decl":{"start":{"line":314,"column":25},"end":{"line":314,"column":26}},"loc":{"start":{"line":314,"column":41},"end":{"line":324,"column":1}},"line":314},"21":{"name":"(anonymous_21)","decl":{"start":{"line":326,"column":21},"end":{"line":326,"column":22}},"loc":{"start":{"line":326,"column":41},"end":{"line":336,"column":1}},"line":326},"22":{"name":"(anonymous_22)","decl":{"start":{"line":338,"column":21},"end":{"line":338,"column":22}},"loc":{"start":{"line":338,"column":37},"end":{"line":346,"column":1}},"line":338},"23":{"name":"(anonymous_23)","decl":{"start":{"line":347,"column":21},"end":{"line":347,"column":22}},"loc":{"start":{"line":347,"column":37},"end":{"line":355,"column":1}},"line":347},"24":{"name":"(anonymous_24)","decl":{"start":{"line":357,"column":25},"end":{"line":357,"column":26}},"loc":{"start":{"line":357,"column":41},"end":{"line":370,"column":1}},"line":357},"25":{"name":"(anonymous_25)","decl":{"start":{"line":371,"column":25},"end":{"line":371,"column":26}},"loc":{"start":{"line":371,"column":41},"end":{"line":385,"column":1}},"line":371},"26":{"name":"(anonymous_26)","decl":{"start":{"line":386,"column":28},"end":{"line":386,"column":29}},"loc":{"start":{"line":386,"column":44},"end":{"line":399,"column":1}},"line":386},"27":{"name":"(anonymous_27)","decl":{"start":{"line":400,"column":17},"end":{"line":400,"column":18}},"loc":{"start":{"line":400,"column":21},"end":{"line":402,"column":1}},"line":400},"28":{"name":"(anonymous_28)","decl":{"start":{"line":407,"column":6},"end":{"line":407,"column":7}},"loc":{"start":{"line":407,"column":10},"end":{"line":409,"column":1}},"line":407},"29":{"name":"(anonymous_29)","decl":{"start":{"line":409,"column":9},"end":{"line":409,"column":10}},"loc":{"start":{"line":409,"column":18},"end":{"line":411,"column":1}},"line":409}},"branchMap":{"0":{"loc":{"start":{"line":54,"column":4},"end":{"line":56,"column":5}},"type":"if","locations":[{"start":{"line":54,"column":4},"end":{"line":56,"column":5}},{"start":{},"end":{}}],"line":54},"1":{"loc":{"start":{"line":78,"column":4},"end":{"line":80,"column":5}},"type":"if","locations":[{"start":{"line":78,"column":4},"end":{"line":80,"column":5}},{"start":{},"end":{}}],"line":78},"2":{"loc":{"start":{"line":84,"column":4},"end":{"line":86,"column":5}},"type":"if","locations":[{"start":{"line":84,"column":4},"end":{"line":86,"column":5}},{"start":{},"end":{}}],"line":84},"3":{"loc":{"start":{"line":125,"column":6},"end":{"line":127,"column":7}},"type":"if","locations":[{"start":{"line":125,"column":6},"end":{"line":127,"column":7}},{"start":{},"end":{}}],"line":125},"4":{"loc":{"start":{"line":160,"column":2},"end":{"line":162,"column":3}},"type":"if","locations":[{"start":{"line":160,"column":2},"end":{"line":162,"column":3}},{"start":{},"end":{}}],"line":160},"5":{"loc":{"start":{"line":167,"column":4},"end":{"line":169,"column":5}},"type":"if","locations":[{"start":{"line":167,"column":4},"end":{"line":169,"column":5}},{"start":{},"end":{}}],"line":167},"6":{"loc":{"start":{"line":187,"column":4},"end":{"line":190,"column":5}},"type":"if","locations":[{"start":{"line":187,"column":4},"end":{"line":190,"column":5}},{"start":{},"end":{}}],"line":187},"7":{"loc":{"start":{"line":193,"column":4},"end":{"line":195,"column":5}},"type":"if","locations":[{"start":{"line":193,"column":4},"end":{"line":195,"column":5}},{"start":{},"end":{}}],"line":193},"8":{"loc":{"start":{"line":197,"column":4},"end":{"line":215,"column":5}},"type":"if","locations":[{"start":{"line":197,"column":4},"end":{"line":215,"column":5}},{"start":{},"end":{}}],"line":197},"9":{"loc":{"start":{"line":197,"column":8},"end":{"line":197,"column":63}},"type":"binary-expr","locations":[{"start":{"line":197,"column":8},"end":{"line":197,"column":26}},{"start":{"line":197,"column":30},"end":{"line":197,"column":63}}],"line":197},"10":{"loc":{"start":{"line":202,"column":8},"end":{"line":213,"column":9}},"type":"if","locations":[{"start":{"line":202,"column":8},"end":{"line":213,"column":9}},{"start":{"line":210,"column":15},"end":{"line":213,"column":9}}],"line":202},"11":{"loc":{"start":{"line":207,"column":10},"end":{"line":209,"column":11}},"type":"if","locations":[{"start":{"line":207,"column":10},"end":{"line":209,"column":11}},{"start":{},"end":{}}],"line":207},"12":{"loc":{"start":{"line":207,"column":14},"end":{"line":207,"column":79}},"type":"binary-expr","locations":[{"start":{"line":207,"column":14},"end":{"line":207,"column":37}},{"start":{"line":207,"column":41},"end":{"line":207,"column":79}}],"line":207},"13":{"loc":{"start":{"line":234,"column":6},"end":{"line":236,"column":7}},"type":"if","locations":[{"start":{"line":234,"column":6},"end":{"line":236,"column":7}},{"start":{},"end":{}}],"line":234},"14":{"loc":{"start":{"line":240,"column":6},"end":{"line":242,"column":7}},"type":"if","locations":[{"start":{"line":240,"column":6},"end":{"line":242,"column":7}},{"start":{},"end":{}}],"line":240},"15":{"loc":{"start":{"line":266,"column":4},"end":{"line":269,"column":5}},"type":"if","locations":[{"start":{"line":266,"column":4},"end":{"line":269,"column":5}},{"start":{},"end":{}}],"line":266},"16":{"loc":{"start":{"line":288,"column":4},"end":{"line":291,"column":5}},"type":"if","locations":[{"start":{"line":288,"column":4},"end":{"line":291,"column":5}},{"start":{},"end":{}}],"line":288},"17":{"loc":{"start":{"line":296,"column":4},"end":{"line":299,"column":5}},"type":"if","locations":[{"start":{"line":296,"column":4},"end":{"line":299,"column":5}},{"start":{},"end":{}}],"line":296},"18":{"loc":{"start":{"line":361,"column":8},"end":{"line":364,"column":9}},"type":"if","locations":[{"start":{"line":361,"column":8},"end":{"line":364,"column":9}},{"start":{},"end":{}}],"line":361},"19":{"loc":{"start":{"line":375,"column":8},"end":{"line":378,"column":9}},"type":"if","locations":[{"start":{"line":375,"column":8},"end":{"line":378,"column":9}},{"start":{},"end":{}}],"line":375},"20":{"loc":{"start":{"line":390,"column":8},"end":{"line":393,"column":9}},"type":"if","locations":[{"start":{"line":390,"column":8},"end":{"line":393,"column":9}},{"start":{},"end":{}}],"line":390}},"s":{"0":1,"1":1,"2":1,"3":1,"4":1,"5":1,"6":1,"7":1,"8":1,"9":1,"10":1,"11":1,"12":1,"13":1,"14":1,"15":1,"16":1,"17":1,"18":2,"19":2,"20":2,"21":2,"22":1,"23":0,"24":0,"25":0,"26":1,"27":0,"28":1,"29":0,"30":1,"31":0,"32":0,"33":0,"34":0,"35":0,"36":0,"37":0,"38":0,"39":0,"40":0,"41":0,"42":1,"43":0,"44":0,"45":0,"46":0,"47":0,"48":0,"49":0,"50":0,"51":0,"52":0,"53":1,"54":0,"55":0,"56":0,"57":0,"58":1,"59":0,"60":0,"61":0,"62":1,"63":0,"64":1,"65":0,"66":0,"67":0,"68":0,"69":0,"70":0,"71":0,"72":0,"73":1,"74":2,"75":2,"76":2,"77":2,"78":2,"79":1,"80":1,"81":1,"82":0,"83":0,"84":0,"85":0,"86":1,"87":0,"88":0,"89":0,"90":0,"91":0,"92":0,"93":0,"94":0,"95":0,"96":0,"97":1,"98":0,"99":0,"100":0,"101":0,"102":0,"103":0,"104":0,"105":0,"106":0,"107":0,"108":0,"109":0,"110":0,"111":0,"112":0,"113":0,"114":0,"115":0,"116":0,"117":0,"118":1,"119":0,"120":0,"121":0,"122":0,"123":0,"124":0,"125":0,"126":0,"127":0,"128":0,"129":0,"130":0,"131":0,"132":0,"133":0,"134":0,"135":1,"136":0,"137":0,"138":0,"139":0,"140":0,"141":0,"142":0,"143":0,"144":1,"145":0,"146":0,"147":0,"148":0,"149":0,"150":0,"151":0,"152":0,"153":0,"154":0,"155":0,"156":0,"157":0,"158":0,"159":0,"160":1,"161":0,"162":0,"163":0,"164":0,"165":0,"166":0,"167":0,"168":1,"169":0,"170":0,"171":0,"172":0,"173":0,"174":0,"175":0,"176":0,"177":0,"178":1,"179":0,"180":0,"181":0,"182":0,"183":0,"184":1,"185":0,"186":0,"187":0,"188":0,"189":0,"190":1,"191":0,"192":0,"193":0,"194":0,"195":0,"196":0,"197":0,"198":0,"199":1,"200":0,"201":0,"202":0,"203":0,"204":0,"205":0,"206":0,"207":0,"208":0,"209":1,"210":0,"211":0,"212":0,"213":0,"214":0,"215":0,"216":0,"217":0,"218":1,"219":1,"220":1,"221":1,"222":0,"223":1},"f":{"0":2,"1":0,"2":0,"3":0,"4":0,"5":0,"6":0,"7":0,"8":0,"9":0,"10":2,"11":0,"12":0,"13":0,"14":0,"15":0,"16":0,"17":0,"18":0,"19":0,"20":0,"21":0,"22":0,"23":0,"24":0,"25":0,"26":0,"27":1,"28":1,"29":0},"b":{"0":[0,0],"1":[0,0],"2":[0,0],"3":[0,0],"4":[0,0],"5":[0,0],"6":[0,0],"7":[0,0],"8":[0,0],"9":[0,0],"10":[0,0],"11":[0,0],"12":[0,0],"13":[0,0],"14":[0,0],"15":[0,0],"16":[0,0],"17":[0,0],"18":[0,0],"19":[0,0],"20":[0,0]},"_coverageSchema":"1a1c01bbd47fc00a2c39e90264f33305004495a9","hash":"d9c778f8ed33efa17760ac2bcc9b30f52bb07640"}
,"D:\\software development advance\\back-end\\middleWare\\authenticateToken.js": {"path":"D:\\software development advance\\back-end\\middleWare\\authenticateToken.js","statementMap":{"0":{"start":{"line":1,"column":12},"end":{"line":1,"column":35}},"1":{"start":{"line":3,"column":26},"end":{"line":15,"column":1}},"2":{"start":{"line":4,"column":18},"end":{"line":4,"column":59}},"3":{"start":{"line":5,"column":4},"end":{"line":5,"column":22}},"4":{"start":{"line":6,"column":19},"end":{"line":6,"column":85}},"5":{"start":{"line":7,"column":4},"end":{"line":7,"column":72}},"6":{"start":{"line":7,"column":16},"end":{"line":7,"column":72}},"7":{"start":{"line":9,"column":4},"end":{"line":14,"column":7}},"8":{"start":{"line":11,"column":8},"end":{"line":11,"column":73}},"9":{"start":{"line":11,"column":17},"end":{"line":11,"column":73}},"10":{"start":{"line":12,"column":8},"end":{"line":12,"column":24}},"11":{"start":{"line":13,"column":8},"end":{"line":13,"column":15}},"12":{"start":{"line":17,"column":0},"end":{"line":17,"column":35}}},"fnMap":{"0":{"name":"(anonymous_0)","decl":{"start":{"line":3,"column":26},"end":{"line":3,"column":27}},"loc":{"start":{"line":3,"column":46},"end":{"line":15,"column":1}},"line":3},"1":{"name":"(anonymous_1)","decl":{"start":{"line":9,"column":31},"end":{"line":9,"column":32}},"loc":{"start":{"line":9,"column":46},"end":{"line":14,"column":5}},"line":9}},"branchMap":{"0":{"loc":{"start":{"line":7,"column":4},"end":{"line":7,"column":72}},"type":"if","locations":[{"start":{"line":7,"column":4},"end":{"line":7,"column":72}},{"start":{},"end":{}}],"line":7},"1":{"loc":{"start":{"line":11,"column":8},"end":{"line":11,"column":73}},"type":"if","locations":[{"start":{"line":11,"column":8},"end":{"line":11,"column":73}},{"start":{},"end":{}}],"line":11}},"s":{"0":1,"1":1,"2":0,"3":0,"4":0,"5":0,"6":0,"7":0,"8":0,"9":0,"10":0,"11":0,"12":1},"f":{"0":0,"1":0},"b":{"0":[0,0],"1":[0,0]},"_coverageSchema":"1a1c01bbd47fc00a2c39e90264f33305004495a9","hash":"805c816b390afcb69979416ded930a107fb92c64"}
,"D:\\software development advance\\back-end\\models\\exam.js": {"path":"D:\\software development advance\\back-end\\models\\exam.js","statementMap":{"0":{"start":{"line":1,"column":17},"end":{"line":1,"column":36}},"1":{"start":{"line":3,"column":23},"end":{"line":9,"column":2}},"2":{"start":{"line":11,"column":19},"end":{"line":14,"column":2}},"3":{"start":{"line":16,"column":13},"end":{"line":16,"column":47}},"4":{"start":{"line":18,"column":0},"end":{"line":18,"column":22}}},"fnMap":{},"branchMap":{},"s":{"0":1,"1":1,"2":1,"3":1,"4":1},"f":{},"b":{},"_coverageSchema":"1a1c01bbd47fc00a2c39e90264f33305004495a9","hash":"224a12fb6f6e365df5680c6fe88268bf0bc6b3fe"}
,"D:\\software development advance\\back-end\\models\\productModel.js": {"path":"D:\\software development advance\\back-end\\models\\productModel.js","statementMap":{"0":{"start":{"line":1,"column":17},"end":{"line":1,"column":36}},"1":{"start":{"line":4,"column":22},"end":{"line":22,"column":1}},"2":{"start":{"line":23,"column":16},"end":{"line":23,"column":56}},"3":{"start":{"line":25,"column":0},"end":{"line":25,"column":24}}},"fnMap":{},"branchMap":{},"s":{"0":1,"1":1,"2":1,"3":1},"f":{},"b":{},"_coverageSchema":"1a1c01bbd47fc00a2c39e90264f33305004495a9","hash":"145e164de0d5e9c04680d679231f6a2deed56d4a"}
,"D:\\software development advance\\back-end\\models\\submitModal.js": {"path":"D:\\software development advance\\back-end\\models\\submitModal.js","statementMap":{"0":{"start":{"line":1,"column":17},"end":{"line":1,"column":36}},"1":{"start":{"line":3,"column":21},"end":{"line":14,"column":23}},"2":{"start":{"line":16,"column":15},"end":{"line":16,"column":53}},"3":{"start":{"line":18,"column":0},"end":{"line":18,"column":24}}},"fnMap":{},"branchMap":{},"s":{"0":1,"1":1,"2":1,"3":1},"f":{},"b":{},"_coverageSchema":"1a1c01bbd47fc00a2c39e90264f33305004495a9","hash":"cfcd8d20a95b0b2593548d2848457f17d9e62bbb"}
,"D:\\software development advance\\back-end\\models\\user.js": {"path":"D:\\software development advance\\back-end\\models\\user.js","statementMap":{"0":{"start":{"line":1,"column":17},"end":{"line":1,"column":36}},"1":{"start":{"line":3,"column":19},"end":{"line":9,"column":2}},"2":{"start":{"line":11,"column":13},"end":{"line":11,"column":47}},"3":{"start":{"line":13,"column":0},"end":{"line":13,"column":22}}},"fnMap":{},"branchMap":{},"s":{"0":1,"1":1,"2":1,"3":1},"f":{},"b":{},"_coverageSchema":"1a1c01bbd47fc00a2c39e90264f33305004495a9","hash":"f2ee6e4e645f78a01f1802d47135588b52e8eff0"}
}
