TN:
SF:server.js
FN:28,(anonymous_0)
FN:34,(anonymous_1)
FN:40,(anonymous_2)
FN:44,(anonymous_3)
FN:48,(anonymous_4)
FN:72,(anonymous_5)
FN:96,(anonymous_6)
FN:108,(anonymous_7)
FN:115,(anonymous_8)
FN:119,(anonymous_9)
FN:134,(anonymous_10)
FN:147,(anonymous_11)
FN:156,(anonymous_12)
FN:180,(anonymous_13)
FN:200,(anonymous_14)
FN:227,(anonymous_15)
FN:238,(anonymous_16)
FN:259,(anonymous_17)
FN:280,(anonymous_18)
FN:294,(anonymous_19)
FN:314,(anonymous_20)
FN:326,(anonymous_21)
FN:338,(anonymous_22)
FN:347,(anonymous_23)
FN:357,(anonymous_24)
FN:371,(anonymous_25)
FN:386,(anonymous_26)
FN:400,(anonymous_27)
FN:407,(anonymous_28)
FN:409,(anonymous_29)
FNF:30
FNH:4
FNDA:2,(anonymous_0)
FNDA:0,(anonymous_1)
FNDA:0,(anonymous_2)
FNDA:0,(anonymous_3)
FNDA:0,(anonymous_4)
FNDA:0,(anonymous_5)
FNDA:0,(anonymous_6)
FNDA:0,(anonymous_7)
FNDA:0,(anonymous_8)
FNDA:0,(anonymous_9)
FNDA:2,(anonymous_10)
FNDA:0,(anonymous_11)
FNDA:0,(anonymous_12)
FNDA:0,(anonymous_13)
FNDA:0,(anonymous_14)
FNDA:0,(anonymous_15)
FNDA:0,(anonymous_16)
FNDA:0,(anonymous_17)
FNDA:0,(anonymous_18)
FNDA:0,(anonymous_19)
FNDA:0,(anonymous_20)
FNDA:0,(anonymous_21)
FNDA:0,(anonymous_22)
FNDA:0,(anonymous_23)
FNDA:0,(anonymous_24)
FNDA:0,(anonymous_25)
FNDA:0,(anonymous_26)
FNDA:1,(anonymous_27)
FNDA:1,(anonymous_28)
FNDA:0,(anonymous_29)
DA:1,1
DA:2,1
DA:3,1
DA:4,1
DA:5,1
DA:6,1
DA:8,1
DA:9,1
DA:10,1
DA:12,1
DA:13,1
DA:15,1
DA:17,1
DA:18,1
DA:20,1
DA:22,1
DA:24,1
DA:28,1
DA:29,2
DA:30,2
DA:31,2
DA:32,2
DA:34,1
DA:35,0
DA:36,0
DA:37,0
DA:40,1
DA:41,0
DA:44,1
DA:45,0
DA:48,1
DA:49,0
DA:52,0
DA:54,0
DA:55,0
DA:58,0
DA:59,0
DA:61,0
DA:63,0
DA:64,0
DA:65,0
DA:67,0
DA:72,1
DA:73,0
DA:74,0
DA:76,0
DA:78,0
DA:79,0
DA:82,0
DA:84,0
DA:85,0
DA:88,0
DA:90,0
DA:96,1
DA:97,0
DA:99,0
DA:101,0
DA:103,0
DA:108,1
DA:109,0
DA:110,0
DA:111,0
DA:115,1
DA:116,0
DA:119,1
DA:120,0
DA:121,0
DA:123,0
DA:124,0
DA:125,0
DA:126,0
DA:128,0
DA:130,0
DA:134,1
DA:135,2
DA:136,2
DA:139,2
DA:140,2
DA:141,2
DA:142,1
DA:144,1
DA:147,1
DA:148,0
DA:149,0
DA:150,0
DA:153,0
DA:156,1
DA:157,0
DA:160,0
DA:161,0
DA:164,0
DA:165,0
DA:167,0
DA:168,0
DA:171,0
DA:173,0
DA:174,0
DA:180,1
DA:181,0
DA:183,0
DA:185,0
DA:187,0
DA:189,0
DA:193,0
DA:194,0
DA:197,0
DA:199,0
DA:200,0
DA:202,0
DA:204,0
DA:207,0
DA:208,0
DA:212,0
DA:218,0
DA:220,0
DA:222,0
DA:223,0
DA:227,1
DA:228,0
DA:229,0
DA:231,0
DA:232,0
DA:234,0
DA:235,0
DA:238,0
DA:240,0
DA:241,0
DA:244,0
DA:247,0
DA:250,0
DA:252,0
DA:254,0
DA:255,0
DA:259,1
DA:260,0
DA:262,0
DA:264,0
DA:266,0
DA:268,0
DA:272,0
DA:275,0
DA:276,0
DA:280,1
DA:281,0
DA:282,0
DA:284,0
DA:286,0
DA:288,0
DA:290,0
DA:294,0
DA:296,0
DA:298,0
DA:302,0
DA:305,0
DA:307,0
DA:309,0
DA:310,0
DA:314,1
DA:315,0
DA:316,0
DA:317,0
DA:318,0
DA:319,0
DA:320,0
DA:322,0
DA:326,1
DA:327,0
DA:328,0
DA:329,0
DA:330,0
DA:331,0
DA:332,0
DA:334,0
DA:335,0
DA:338,1
DA:339,0
DA:340,0
DA:341,0
DA:343,0
DA:344,0
DA:347,1
DA:348,0
DA:349,0
DA:350,0
DA:352,0
DA:353,0
DA:357,1
DA:358,0
DA:359,0
DA:360,0
DA:361,0
DA:363,0
DA:365,0
DA:367,0
DA:368,0
DA:371,1
DA:372,0
DA:373,0
DA:374,0
DA:375,0
DA:377,0
DA:379,0
DA:380,0
DA:382,0
DA:383,0
DA:386,1
DA:387,0
DA:388,0
DA:389,0
DA:390,0
DA:392,0
DA:394,0
DA:396,0
DA:397,0
DA:400,1
DA:401,1
DA:406,1
DA:408,1
DA:410,0
DA:414,1
LF:220
LH:57
BRDA:54,0,0,0
BRDA:54,0,1,0
BRDA:78,1,0,0
BRDA:78,1,1,0
BRDA:84,2,0,0
BRDA:84,2,1,0
BRDA:125,3,0,0
BRDA:125,3,1,0
BRDA:160,4,0,0
BRDA:160,4,1,0
BRDA:167,5,0,0
BRDA:167,5,1,0
BRDA:187,6,0,0
BRDA:187,6,1,0
BRDA:193,7,0,0
BRDA:193,7,1,0
BRDA:197,8,0,0
BRDA:197,8,1,0
BRDA:197,9,0,0
BRDA:197,9,1,0
BRDA:202,10,0,0
BRDA:202,10,1,0
BRDA:207,11,0,0
BRDA:207,11,1,0
BRDA:207,12,0,0
BRDA:207,12,1,0
BRDA:234,13,0,0
BRDA:234,13,1,0
BRDA:240,14,0,0
BRDA:240,14,1,0
BRDA:266,15,0,0
BRDA:266,15,1,0
BRDA:288,16,0,0
BRDA:288,16,1,0
BRDA:296,17,0,0
BRDA:296,17,1,0
BRDA:361,18,0,0
BRDA:361,18,1,0
BRDA:375,19,0,0
BRDA:375,19,1,0
BRDA:390,20,0,0
BRDA:390,20,1,0
BRF:42
BRH:0
end_of_record
TN:
SF:middleWare\authenticateToken.js
FN:3,(anonymous_0)
FN:9,(anonymous_1)
FNF:2
FNH:0
FNDA:0,(anonymous_0)
FNDA:0,(anonymous_1)
DA:1,1
DA:3,1
DA:4,0
DA:5,0
DA:6,0
DA:7,0
DA:9,0
DA:11,0
DA:12,0
DA:13,0
DA:17,1
LF:11
LH:3
BRDA:7,0,0,0
BRDA:7,0,1,0
BRDA:11,1,0,0
BRDA:11,1,1,0
BRF:4
BRH:0
end_of_record
TN:
SF:models\exam.js
FNF:0
FNH:0
DA:1,1
DA:3,1
DA:11,1
DA:16,1
DA:18,1
LF:5
LH:5
BRF:0
BRH:0
end_of_record
TN:
SF:models\productModel.js
FNF:0
FNH:0
DA:1,1
DA:4,1
DA:23,1
DA:25,1
LF:4
LH:4
BRF:0
BRH:0
end_of_record
TN:
SF:models\submitModal.js
FNF:0
FNH:0
DA:1,1
DA:3,1
DA:16,1
DA:18,1
LF:4
LH:4
BRF:0
BRH:0
end_of_record
TN:
SF:models\user.js
FNF:0
FNH:0
DA:1,1
DA:3,1
DA:11,1
DA:13,1
LF:4
LH:4
BRF:0
BRH:0
end_of_record
